<?xml version="1.0" encoding="UTF-8"?>
<robot generator="Robot 5.0.1 (Python 3.8.2 on darwin)" generated="20220715 10:11:27.617" rpa="false" schemaversion="3">
<suite id="s1" name="Test2" source="/Users/mithunroy/PycharmProjects/simplePythonSelenium/RobotTest/Test2.robot">
<test id="s1-t1" name="Verify Google Application" line="31">
<kw name="Create Session" library="RequestsLibrary">
<arg>mysession</arg>
<arg>${Url_one}</arg>
<doc>Create Session: create a HTTP session to a server</doc>
<msg timestamp="20220715 10:11:27.994" level="INFO">Creating Session using : alias=mysession, url=https://www.google.com, headers={},                     cookies={}, auth=None, timeout=None, proxies=None, verify=False,                     debug=0 </msg>
<status status="PASS" starttime="20220715 10:11:27.993" endtime="20220715 10:11:27.996"/>
</kw>
<kw name="Get Request" library="RequestsLibrary">
<var>${response}</var>
<arg>mysession</arg>
<arg>${Url_one}</arg>
<doc>*DEPRECATED* Please use `GET On Session` instead.</doc>
<msg timestamp="20220715 10:11:27.996" level="WARN">Keyword 'RequestsLibrary.Get Request' is deprecated. Please use `GET On Session` instead.</msg>
<msg timestamp="20220715 10:11:28.346" level="INFO">GET Request : url=https://www.google.com/ 
 path_url=/ 
 headers={'User-Agent': 'python-requests/2.28.1', 'Accept-Encoding': 'gzip, deflate', 'Accept': '*/*', 'Connection': 'keep-alive'} 
 body=None 
 </msg>
<msg timestamp="20220715 10:11:28.346" level="INFO">GET Response : url=https://www.google.com/ 
 status=200, reason=OK 
 headers={'Date': 'Fri, 15 Jul 2022 04:41:28 GMT', 'Expires': '-1', 'Cache-Control': 'private, max-age=0', 'Content-Type': 'text/html; charset=ISO-8859-1', 'P3P': 'CP="This is not a P3P policy! See g.co/p3phelp for more info."', 'Content-Encoding': 'gzip', 'Server': 'gws', 'X-XSS-Protection': '0', 'X-Frame-Options': 'SAMEORIGIN', 'Set-Cookie': '1P_JAR=2022-07-15-04; expires=Sun, 14-Aug-2022 04:41:28 GMT; path=/; domain=.google.com; Secure, AEC=AakniGPHYj9fQmhxaNFzQshwoSRdaII8m4OmedF0DJX-Oo3SZGS5wNznIA; expires=Wed, 11-Jan-2023 04:41:28 GMT; path=/; domain=.google.com; Secure; HttpOnly; SameSite=lax, NID=511=XMS3FHqIa-rueQkamSirI2LtsBMGSMpSK8MU1cMcrKG2ZwoWCK2I7rNoMrU33nZzZBUIZ0ty9ER7YRqerA_31PBPc-_he6WYsGc0NK5B18Lwy83dAQoBEaw8WJfnkgTVzUFLWB5TOlKaNpmQqVldJn8zU82eSDkMslpRgDoRg_c; expires=Sat, 14-Jan-2023 04:41:28 GMT; path=/; domain=.google.com; HttpOnly', 'Alt-Svc': 'h3=":443"; ma=2592000,h3-29=":443"; ma=2592000,h3-Q050=":443"; ma=2592000,h3-Q046=":443"; ma=2592000,h3-Q043=":443"; ma=2592000,quic=":443"; ma=2592000; v="46,43"', 'Transfer-Encoding': 'chunked'} 
 body=&lt;!doctype html&gt;&lt;html itemscope="" itemtype="http://schema.org/WebPage" lang="en-IN"&gt;&lt;head&gt;&lt;meta content="text/html; charset=UTF-8" http-equiv="Content-Type"&gt;&lt;meta content="/images/branding/googleg/1x/googleg_standard_color_128dp.png" itemprop="image"&gt;&lt;title&gt;Google&lt;/title&gt;&lt;script nonce="YfrFQFYX74pprZQeo3Jrig"&gt;(function(){window.google={kEI:'-O_QYoPLFMy84-EPkoee-AY',kEXPI:'0,1302536,56873,6058,207,2414,2390,2316,383,246,5,1354,4013,1123753,1197719,682,380089,16115,17444,11240,17572,4858,1362,9291,3026,17590,4012,978,13228,3847,6885,3737,7432,15309,5081,885,708,1279,2742,149,1103,840,6297,3514,606,2023,1733,43,523,1606,13062,3227,2845,7,4774,12676,16320,1850,2615,13142,3,346,230,1014,1,5444,149,11323,991,1661,4,1528,2304,7039,20309,1714,3050,2658,7355,13660,4437,16786,5818,2539,4094,17,4035,3,3541,1,42154,2,14022,2715,11401,11623,5679,1021,2378,2720,18243,2,2,5,7772,4567,6259,23418,1252,5835,14968,4332,8,5009,1073,1394,445,2,2,1,10790,13836,2006,8155,2566,4815,2,3040,11638,2163,5178,375,2,1022,1251,11804,8,1922,542,5164,3466,607,24,5415,1449,1278,1663,2,5892,1496,1911,1510,3119,663,6038,861,448,3791,565,29,36,1282,202,4434,116,461,28,2027,113,397,3645,283,2456,551,791,193,123,415,285,4,1,2,2,2,2,738,2981,1680,73,1352,105,924,17,81,1728,44,796,3397,1208,396,2470,270,2,852,736,10,4,854,3,276,274,153,2,101,130,564,253,1088,306,416,313,316,149,363,62,474,321,50,412,2028,15,349,5386949,150,9,5995210,2804423,3311,141,795,19735,1,1,346,427,4,1,259,2,2,1,3,1,3,2,4,1,7,3,2,1,3,111,3,23949645,4042142,1964,1007,1928,159,1358,9846,2375,3405,716,4729,1382320',kBL:'ecaJ'};google.sn='webhp';google.kHL='en-IN';})();(function(){
var f=this||self;var h,k=[];function l(a){for(var b;a&amp;&amp;(!a.getAttribute||!(b=a.getAttribute("eid")));)a=a.parentNode;return b||h}function m(a){for(var b=null;a&amp;&amp;(!a.getAttribute||!(b=a.getAttribute("leid")));)a=a.parentNode;return b}
function n(a,b,c,d,g){var e="";c||-1!==b.search("&amp;ei=")||(e="&amp;ei="+l(d),-1===b.search("&amp;lei=")&amp;&amp;(d=m(d))&amp;&amp;(e+="&amp;lei="+d));d="";!c&amp;&amp;f._cshid&amp;&amp;-1===b.search("&amp;cshid=")&amp;&amp;"slh"!==a&amp;&amp;(d="&amp;cshid="+f._cshid);c=c||"/"+(g||"gen_204")+"?atyp=i&amp;ct="+a+"&amp;cad="+b+e+"&amp;zx="+Date.now()+d;/^http:/i.test(c)&amp;&amp;"https:"===window.location.protocol&amp;&amp;(google.ml&amp;&amp;google.ml(Error("a"),!1,{src:c,glmm:1}),c="");return c};h=google.kEI;google.getEI=l;google.getLEI=m;google.ml=function(){return null};google.log=function(a,b,c,d,g){if(c=n(a,b,c,d,g)){a=new Image;var e=k.length;k[e]=a;a.onerror=a.onload=a.onabort=function(){delete k[e]};a.src=c}};google.logUrl=n;}).call(this);(function(){
google.y={};google.sy=[];google.x=function(a,b){if(a)var c=a.id;else{do c=Math.random();while(google.y[c])}google.y[c]=[a,b];return!1};google.sx=function(a){google.sy.push(a)};google.lm=[];google.plm=function(a){google.lm.push.apply(google.lm,a)};google.lq=[];google.load=function(a,b,c){google.lq.push([[a],b,c])};google.loadAll=function(a,b){google.lq.push([a,b])};google.bx=!1;google.lx=function(){};}).call(this);google.f={};(function(){
document.documentElement.addEventListener("submit",function(b){var a;if(a=b.target){var c=a.getAttribute("data-submitfalse");a="1"===c||"q"===c&amp;&amp;!a.elements.q.value?!0:!1}else a=!1;a&amp;&amp;(b.preventDefault(),b.stopPropagation())},!0);document.documentElement.addEventListener("click",function(b){var a;a:{for(a=b.target;a&amp;&amp;a!==document.documentElement;a=a.parentElement)if("A"===a.tagName){a="1"===a.getAttribute("data-nohref");break a}a=!1}a&amp;&amp;b.preventDefault()},!0);}).call(this);&lt;/script&gt;&lt;style&gt;#gbar,#guser{font-size:13px;padding-top:1px !important;}#gbar{height:22px}#guser{padding-bottom:7px !important;text-align:right}.gbh,.gbd{border-top:1px solid #c9d7f1;font-size:1px}.gbh{height:0;position:absolute;top:24px;width:100%}@media all{.gb1{height:22px;margin-right:.5em;vertical-align:top}#gbar{float:left}}a.gb1,a.gb4{text-decoration:underline !important}a.gb1,a.gb4{color:#00c !important}.gbi .gb4{color:#dd8e27 !important}.gbf .gb4{color:#900 !important}
&lt;/style&gt;&lt;style&gt;body,td,a,p,.h{font-family:arial,sans-serif}body{margin:0;overflow-y:scroll}#gog{padding:3px 8px 0}td{line-height:.8em}.gac_m td{line-height:17px}form{margin-bottom:20px}.h{color:#1558d6}em{font-weight:bold;font-style:normal}.lst{height:25px;width:496px}.gsfi,.lst{font:18px arial,sans-serif}.gsfs{font:17px arial,sans-serif}.ds{display:inline-box;display:inline-block;margin:3px 0 4px;margin-left:4px}input{font-family:inherit}body{background:#fff;color:#000}a{color:#4b11a8;text-decoration:none}a:hover,a:active{text-decoration:underline}.fl a{color:#1558d6}a:visited{color:#4b11a8}.sblc{padding-top:5px}.sblc a{display:block;margin:2px 0;margin-left:13px;font-size:11px}.lsbb{background:#f8f9fa;border:solid 1px;border-color:#dadce0 #70757a #70757a #dadce0;height:30px}.lsbb{display:block}#WqQANb a{display:inline-block;margin:0 12px}.lsb{background:url(/images/nav_logo229.png) 0 -261px repeat-x;border:none;color:#000;cursor:pointer;height:30px;margin:0;outline:0;font:15px arial,sans-serif;vertical-align:top}.lsb:active{background:#dadce0}.lst:focus{outline:none}&lt;/style&gt;&lt;script nonce="YfrFQFYX74pprZQeo3Jrig"&gt;(function(){window.google.erd={jsr:1,bv:1616,de:true};
var f=this||self;var g,h=null!=(g=f.mei)?g:1,m,n=null!=(m=f.sdo)?m:!0,p=0,q,r=google.erd,u=r.jsr;google.ml=function(a,b,d,k,c){c=void 0===c?2:c;b&amp;&amp;(q=a&amp;&amp;a.message);if(google.dl)return google.dl(a,c,d),null;if(0&gt;u){window.console&amp;&amp;console.error(a,d);if(-2===u)throw a;b=!1}else b=!a||!a.message||"Error loading script"===a.message||p&gt;=h&amp;&amp;!k?!1:!0;if(!b)return null;p++;d=d||{};var e=c;c=encodeURIComponent;b="/gen_204?atyp=i&amp;ei="+c(google.kEI);google.kEXPI&amp;&amp;(b+="&amp;jexpid="+c(google.kEXPI));b+="&amp;srcpg="+c(google.sn)+"&amp;jsr="+c(r.jsr)+"&amp;bver="+c(r.bv)+("&amp;jsel="+e);e=a.lineNumber;void 0!==e&amp;&amp;(b+="&amp;line="+
e);var l=a.fileName;l&amp;&amp;(b+="&amp;script="+c(l),e&amp;&amp;l===window.location.href&amp;&amp;(e=document.documentElement.outerHTML.split("\n")[e],b+="&amp;cad="+c(e?e.substring(0,300):"No script found.")));for(var t in d)b+="&amp;",b+=c(t),b+="=",b+=c(d[t]);b=b+"&amp;emsg="+c(a.name+": "+a.message);b=b+"&amp;jsst="+c(a.stack||"N/A");12288&lt;=b.length&amp;&amp;(b=b.substr(0,12288));a=b;k||google.log(0,"",a);return a};window.onerror=function(a,b,d,k,c){q!==a&amp;&amp;(a=c instanceof Error?c:Error(a),void 0===d||"lineNumber"in a||(a.lineNumber=d),void 0===b||"fileName"in a||(a.fileName=b),google.ml(a,!1,void 0,!1,"SyntaxError"===a.name||"SyntaxError"===a.message.substring(0,11)||0&lt;a.message.indexOf("Script error")?2:0));q=null;n&amp;&amp;p&gt;=h&amp;&amp;(window.onerror=null)};})();&lt;/script&gt;&lt;/head&gt;&lt;body bgcolor="#fff"&gt;&lt;script nonce="YfrFQFYX74pprZQeo3Jrig"&gt;(function(){var src='/images/nav_logo229.png';var iesg=false;document.body.onload = function(){window.n &amp;&amp; window.n();if (document.images){new Image().src=src;}
if (!iesg){document.f&amp;&amp;document.f.q.focus();document.gbqf&amp;&amp;document.gbqf.q.focus();}
}
})();&lt;/script&gt;&lt;div id="mngb"&gt;&lt;div id=gbar&gt;&lt;nobr&gt;&lt;b class=gb1&gt;Search&lt;/b&gt; &lt;a class=gb1 href="https://www.google.co.in/imghp?hl=en&amp;tab=wi"&gt;Images&lt;/a&gt; &lt;a class=gb1 href="https://maps.google.co.in/maps?hl=en&amp;tab=wl"&gt;Maps&lt;/a&gt; &lt;a class=gb1 href="https://play.google.com/?hl=en&amp;tab=w8"&gt;Play&lt;/a&gt; &lt;a class=gb1 href="https://www.youtube.com/?gl=IN&amp;tab=w1"&gt;YouTube&lt;/a&gt; &lt;a class=gb1 href="https://news.google.com/?tab=wn"&gt;News&lt;/a&gt; &lt;a class=gb1 href="https://mail.google.com/mail/?tab=wm"&gt;Gmail&lt;/a&gt; &lt;a class=gb1 href="https://drive.google.com/?tab=wo"&gt;Drive&lt;/a&gt; &lt;a class=gb1 style="text-decoration:none" href="https://www.google.co.in/intl/en/about/products?tab=wh"&gt;&lt;u&gt;More&lt;/u&gt; &amp;raquo;&lt;/a&gt;&lt;/nobr&gt;&lt;/div&gt;&lt;div id=guser width=100%&gt;&lt;nobr&gt;&lt;span id=gbn class=gbi&gt;&lt;/span&gt;&lt;span id=gbf class=gbf&gt;&lt;/span&gt;&lt;span id=gbe&gt;&lt;/span&gt;&lt;a href="http://www.google.co.in/history/optout?hl=en" class=gb4&gt;Web History&lt;/a&gt; | &lt;a  href="/preferences?hl=en" class=gb4&gt;Settings&lt;/a&gt; | &lt;a target=_top id=gb_70 href="https://accounts.google.com/ServiceLogin?hl=en&amp;passive=true&amp;continue=https://www.google.com/&amp;ec=GAZAAQ" class=gb4&gt;Sign in&lt;/a&gt;&lt;/nobr&gt;&lt;/div&gt;&lt;div class=gbh style=left:0&gt;&lt;/div&gt;&lt;div class=gbh style=right:0&gt;&lt;/div&gt;&lt;/div&gt;&lt;center&gt;&lt;br clear="all" id="lgpd"&gt;&lt;div id="lga"&gt;&lt;img alt="Google" height="92" src="/images/branding/googlelogo/1x/googlelogo_white_background_color_272x92dp.png" style="padding:28px 0 14px" width="272" id="hplogo"&gt;&lt;br&gt;&lt;br&gt;&lt;/div&gt;&lt;form action="/search" name="f"&gt;&lt;table cellpadding="0" cellspacing="0"&gt;&lt;tr valign="top"&gt;&lt;td width="25%"&gt;&amp;nbsp;&lt;/td&gt;&lt;td align="center" nowrap=""&gt;&lt;input name="ie" value="ISO-8859-1" type="hidden"&gt;&lt;input value="en-IN" name="hl" type="hidden"&gt;&lt;input name="source" type="hidden" value="hp"&gt;&lt;input name="biw" type="hidden"&gt;&lt;input name="bih" type="hidden"&gt;&lt;div class="ds" style="height:32px;margin:4px 0"&gt;&lt;input class="lst" style="margin:0;padding:5px 8px 0 6px;vertical-align:top;color:#000" autocomplete="off" value="" title="Google Search" maxlength="2048" name="q" size="57"&gt;&lt;/div&gt;&lt;br style="line-height:0"&gt;&lt;span class="ds"&gt;&lt;span class="lsbb"&gt;&lt;input class="lsb" value="Google Search" name="btnG" type="submit"&gt;&lt;/span&gt;&lt;/span&gt;&lt;span class="ds"&gt;&lt;span class="lsbb"&gt;&lt;input class="lsb" id="tsuid1" value="I'm Feeling Lucky" name="btnI" type="submit"&gt;&lt;script nonce="YfrFQFYX74pprZQeo3Jrig"&gt;(function(){var id='tsuid1';document.getElementById(id).onclick = function(){if (this.form.q.value){this.checked = 1;if (this.form.iflsig)this.form.iflsig.disabled = false;}
else top.location='/doodles/';};})();&lt;/script&gt;&lt;input value="AJiK0e8AAAAAYtD-CD0ynwONfyHLTlOs15HB0YfsnUIo" name="iflsig" type="hidden"&gt;&lt;/span&gt;&lt;/span&gt;&lt;/td&gt;&lt;td class="fl sblc" align="left" nowrap="" width="25%"&gt;&lt;a href="/advanced_search?hl=en-IN&amp;amp;authuser=0"&gt;Advanced search&lt;/a&gt;&lt;/td&gt;&lt;/tr&gt;&lt;/table&gt;&lt;input id="gbv" name="gbv" type="hidden" value="1"&gt;&lt;script nonce="YfrFQFYX74pprZQeo3Jrig"&gt;(function(){
var a,b="1";if(document&amp;&amp;document.getElementById)if("undefined"!=typeof XMLHttpRequest)b="2";else if("undefined"!=typeof ActiveXObject){var c,d,e=["MSXML2.XMLHTTP.6.0","MSXML2.XMLHTTP.3.0","MSXML2.XMLHTTP","Microsoft.XMLHTTP"];for(c=0;d=e[c++];)try{new ActiveXObject(d),b="2"}catch(h){}}a=b;if("2"==a&amp;&amp;-1==location.search.indexOf("&amp;gbv=2")){var f=google.gbvu,g=document.... (set the log level to DEBUG or TRACE to see the full content) 
 </msg>
<msg timestamp="20220715 10:11:28.347" level="INFO">/Users/mithunroy/PycharmProjects/simplePythonSelenium/venv/lib/python3.8/site-packages/urllib3/connectionpool.py:1043: InsecureRequestWarning: Unverified HTTPS request is being made to host 'www.google.com'. Adding certificate verification is strongly advised. See: https://urllib3.readthedocs.io/en/1.26.x/advanced-usage.html#ssl-warnings
  warnings.warn(</msg>
<msg timestamp="20220715 10:11:28.347" level="INFO">${response} = &lt;Response [200]&gt;</msg>
<status status="PASS" starttime="20220715 10:11:27.996" endtime="20220715 10:11:28.347"/>
</kw>
<kw name="Log To Console" library="BuiltIn">
<arg>${response.status_code}</arg>
<doc>Logs the given message to the console.</doc>
<status status="PASS" starttime="20220715 10:11:28.348" endtime="20220715 10:11:28.350"/>
</kw>
<kw name="Log To Console" library="BuiltIn">
<arg>${response.content}</arg>
<doc>Logs the given message to the console.</doc>
<status status="PASS" starttime="20220715 10:11:28.350" endtime="20220715 10:11:28.390"/>
</kw>
<kw name="Log To Console" library="BuiltIn">
<arg>${response.headers}</arg>
<doc>Logs the given message to the console.</doc>
<status status="PASS" starttime="20220715 10:11:28.391" endtime="20220715 10:11:28.393"/>
</kw>
<kw name="Convert To String" library="BuiltIn">
<var>${status_code}</var>
<arg>${response.status_code}</arg>
<doc>Converts the given item to a Unicode string.</doc>
<msg timestamp="20220715 10:11:28.396" level="INFO">${status_code} = 200</msg>
<status status="PASS" starttime="20220715 10:11:28.393" endtime="20220715 10:11:28.396"/>
</kw>
<kw name="Should Be Equal" library="BuiltIn">
<arg>${status_code}</arg>
<arg>200</arg>
<doc>Fails if the given objects are unequal.</doc>
<status status="PASS" starttime="20220715 10:11:28.396" endtime="20220715 10:11:28.397"/>
</kw>
<status status="PASS" starttime="20220715 10:11:27.992" endtime="20220715 10:11:28.398"/>
</test>
<test id="s1-t2" name="PET Application" line="42">
<kw name="POST On Session" library="RequestsLibrary">
<var>${resp}</var>
<arg>jsonplaceholder</arg>
<arg>/posts</arg>
<arg>json=${JsonBody}</arg>
<doc>Sends a POST request on a previously created HTTP Session.</doc>
<msg timestamp="20220715 10:11:28.404" level="FAIL">Non-existing index or alias 'jsonplaceholder'.</msg>
<status status="FAIL" starttime="20220715 10:11:28.401" endtime="20220715 10:11:28.413"/>
</kw>
<kw name="Status Should Be" library="RequestsLibrary">
<arg>200</arg>
<arg>${resp}</arg>
<doc>Fails if response status code is different than the expected.</doc>
<status status="NOT RUN" starttime="20220715 10:11:28.414" endtime="20220715 10:11:28.414"/>
</kw>
<status status="FAIL" starttime="20220715 10:11:28.399" endtime="20220715 10:11:28.416">Non-existing index or alias 'jsonplaceholder'.</status>
</test>
<status status="FAIL" starttime="20220715 10:11:27.622" endtime="20220715 10:11:28.418"/>
</suite>
<statistics>
<total>
<stat pass="1" fail="1" skip="0">All Tests</stat>
</total>
<tag>
</tag>
<suite>
<stat pass="1" fail="1" skip="0" id="s1" name="Test2">Test2</stat>
</suite>
</statistics>
<errors>
<msg timestamp="20220715 10:11:27.622" level="ERROR">Error in file '/Users/mithunroy/PycharmProjects/simplePythonSelenium/RobotTest/Test2.robot' on line 10: Setting variable '{' failed: Invalid variable name '{'.</msg>
<msg timestamp="20220715 10:11:27.622" level="ERROR">Error in file '/Users/mithunroy/PycharmProjects/simplePythonSelenium/RobotTest/Test2.robot' on line 11: Setting variable '' failed: Invalid variable name ''.</msg>
<msg timestamp="20220715 10:11:27.622" level="ERROR">Error in file '/Users/mithunroy/PycharmProjects/simplePythonSelenium/RobotTest/Test2.robot' on line 12: Setting variable '' failed: Invalid variable name ''.</msg>
<msg timestamp="20220715 10:11:27.622" level="ERROR">Error in file '/Users/mithunroy/PycharmProjects/simplePythonSelenium/RobotTest/Test2.robot' on line 13: Setting variable '' failed: Invalid variable name ''.</msg>
<msg timestamp="20220715 10:11:27.622" level="ERROR">Error in file '/Users/mithunroy/PycharmProjects/simplePythonSelenium/RobotTest/Test2.robot' on line 14: Setting variable '' failed: Invalid variable name ''.</msg>
<msg timestamp="20220715 10:11:27.622" level="ERROR">Error in file '/Users/mithunroy/PycharmProjects/simplePythonSelenium/RobotTest/Test2.robot' on line 15: Setting variable '' failed: Invalid variable name ''.</msg>
<msg timestamp="20220715 10:11:27.623" level="ERROR">Error in file '/Users/mithunroy/PycharmProjects/simplePythonSelenium/RobotTest/Test2.robot' on line 16: Setting variable '' failed: Invalid variable name ''.</msg>
<msg timestamp="20220715 10:11:27.623" level="ERROR">Error in file '/Users/mithunroy/PycharmProjects/simplePythonSelenium/RobotTest/Test2.robot' on line 17: Setting variable '' failed: Invalid variable name ''.</msg>
<msg timestamp="20220715 10:11:27.623" level="ERROR">Error in file '/Users/mithunroy/PycharmProjects/simplePythonSelenium/RobotTest/Test2.robot' on line 18: Setting variable '' failed: Invalid variable name ''.</msg>
<msg timestamp="20220715 10:11:27.623" level="ERROR">Error in file '/Users/mithunroy/PycharmProjects/simplePythonSelenium/RobotTest/Test2.robot' on line 19: Setting variable '' failed: Invalid variable name ''.</msg>
<msg timestamp="20220715 10:11:27.623" level="ERROR">Error in file '/Users/mithunroy/PycharmProjects/simplePythonSelenium/RobotTest/Test2.robot' on line 20: Setting variable '' failed: Invalid variable name ''.</msg>
<msg timestamp="20220715 10:11:27.623" level="ERROR">Error in file '/Users/mithunroy/PycharmProjects/simplePythonSelenium/RobotTest/Test2.robot' on line 21: Setting variable '' failed: Invalid variable name ''.</msg>
<msg timestamp="20220715 10:11:27.623" level="ERROR">Error in file '/Users/mithunroy/PycharmProjects/simplePythonSelenium/RobotTest/Test2.robot' on line 22: Setting variable '' failed: Invalid variable name ''.</msg>
<msg timestamp="20220715 10:11:27.624" level="ERROR">Error in file '/Users/mithunroy/PycharmProjects/simplePythonSelenium/RobotTest/Test2.robot' on line 23: Setting variable '' failed: Invalid variable name ''.</msg>
<msg timestamp="20220715 10:11:27.624" level="ERROR">Error in file '/Users/mithunroy/PycharmProjects/simplePythonSelenium/RobotTest/Test2.robot' on line 24: Setting variable '' failed: Invalid variable name ''.</msg>
<msg timestamp="20220715 10:11:27.624" level="ERROR">Error in file '/Users/mithunroy/PycharmProjects/simplePythonSelenium/RobotTest/Test2.robot' on line 25: Setting variable '' failed: Invalid variable name ''.</msg>
<msg timestamp="20220715 10:11:27.624" level="ERROR">Error in file '/Users/mithunroy/PycharmProjects/simplePythonSelenium/RobotTest/Test2.robot' on line 26: Setting variable '' failed: Invalid variable name ''.</msg>
<msg timestamp="20220715 10:11:27.624" level="ERROR">Error in file '/Users/mithunroy/PycharmProjects/simplePythonSelenium/RobotTest/Test2.robot' on line 27: Setting variable '}' failed: Invalid variable name '}'.</msg>
<msg timestamp="20220715 10:11:27.996" level="WARN">Keyword 'RequestsLibrary.Get Request' is deprecated. Please use `GET On Session` instead.</msg>
</errors>
</robot>
